[00:00:33] [User Authenticator #7/INFO]: UUID of player volzzy is 48b589ed-5cbe-4fc4-905b-87fdd5a2a91f
[00:00:33] [Server thread/INFO]: volzzy[/24.42.184.198:55818] logged in with entity id 133762 at ([world]239.0012542072893, 7.0, -6667.300000011921)
[00:02:33] [Server thread/INFO]: volzzy issued server command: /skript
[00:02:35] [Server thread/INFO]: volzzy issued server command: /plugins
[00:04:27] [Server thread/INFO]: volzzy issued server command: //wand
[00:07:35] [Server thread/INFO]: BooyaBaby issued server command: /spawn
[00:08:30] [Server thread/INFO]: <volzzy> ein Moment, server gonna freeze
[00:08:32] [Server thread/INFO]: volzzy issued server command: /time set day
[00:08:32] [Server thread/INFO]: [volzzy: Set the time to 1000]
[00:08:33] [Server thread/INFO]: volzzy issued server command: /reload
[00:08:33] [Server thread/INFO]: volzzy: Are you sure you wish to reload your server? Doing so may cause bugs and memory leaks. It is recommended to restart instead of using /reload. To confirm, please type /reload confirm
[00:08:35] [Server thread/INFO]: volzzy issued server command: /reload confirm
[00:08:35] [Server thread/INFO]: volzzy: Please note that this command is not supported and may cause issues when using some plugins.
[00:08:35] [Server thread/INFO]: volzzy: If you encounter any issues please use the /stop command to restart your server.
[00:08:35] [Server thread/INFO]: Server Ping Player Sample Count: 12
[00:08:35] [Server thread/INFO]: Using 4 threads for Netty based IO
[00:08:35] [Server thread/INFO]: Debug logging is disabled
[00:08:35] [Server thread/INFO]: -------- World Settings For [world] --------
[00:08:35] [Server thread/INFO]: Experience Merge Radius: 3.0
[00:08:35] [Server thread/INFO]: Mob Spawn Range: 8
[00:08:35] [Server thread/INFO]: Cactus Growth Modifier: 100%
[00:08:35] [Server thread/INFO]: Cane Growth Modifier: 100%
[00:08:35] [Server thread/INFO]: Melon Growth Modifier: 100%
[00:08:35] [Server thread/INFO]: Mushroom Growth Modifier: 100%
[00:08:35] [Server thread/INFO]: Pumpkin Growth Modifier: 100%
[00:08:35] [Server thread/INFO]: Sapling Growth Modifier: 100%
[00:08:35] [Server thread/INFO]: Beetroot Growth Modifier: 100%
[00:08:35] [Server thread/INFO]: Carrot Growth Modifier: 100%
[00:08:35] [Server thread/INFO]: Potato Growth Modifier: 100%
[00:08:35] [Server thread/INFO]: Wheat Growth Modifier: 100%
[00:08:35] [Server thread/INFO]: NetherWart Growth Modifier: 100%
[00:08:35] [Server thread/INFO]: Vine Growth Modifier: 100%
[00:08:35] [Server thread/INFO]: Cocoa Growth Modifier: 100%
[00:08:35] [Server thread/INFO]: Bamboo Growth Modifier: 100%
[00:08:35] [Server thread/INFO]: SweetBerry Growth Modifier: 100%
[00:08:35] [Server thread/INFO]: Kelp Growth Modifier: 100%
[00:08:35] [Server thread/INFO]: Entity Activation Range: An 32 / Mo 32 / Ra 48 / Mi 16 / Tiv true
[00:08:35] [Server thread/INFO]: Entity Tracking Range: Pl 48 / An 48 / Mo 48 / Mi 32 / Other 64
[00:08:35] [Server thread/INFO]: Hopper Transfer: 8 Hopper Check: 1 Hopper Amount: 1
[00:08:35] [Server thread/INFO]: Custom Map Seeds:  Village: 10387312 Desert: 14357617 Igloo: 14357618 Jungle: 14357619 Swamp: 14357620 Monument: 10387313Ocean: 14357621 Shipwreck: 165745295 Slime: 987234911
[00:08:35] [Server thread/INFO]: Max TNT Explosions: 100
[00:08:35] [Server thread/INFO]: Tile Max Tick Time: 50ms Entity max Tick Time: 50ms
[00:08:35] [Server thread/INFO]: View Distance: 10
[00:08:35] [Server thread/INFO]: Allow Zombie Pigmen to spawn from portal blocks: true
[00:08:35] [Server thread/INFO]: Item Merge Radius: 2.5
[00:08:35] [Server thread/INFO]: Item Despawn Rate: 6000
[00:08:35] [Server thread/INFO]: Arrow Despawn Rate: 1200 Trident Respawn Rate:1200
[00:08:35] [Server thread/INFO]: Zombie Aggressive Towards Villager: true
[00:08:35] [Server thread/INFO]: Nerfing mobs spawned from spawners: false
[00:08:35] [Server thread/INFO]: -------- World Settings For [world_nether] --------
[00:08:35] [Server thread/INFO]: Experience Merge Radius: 3.0
[00:08:35] [Server thread/INFO]: Mob Spawn Range: 8
[00:08:35] [Server thread/INFO]: Cactus Growth Modifier: 100%
[00:08:35] [Server thread/INFO]: Cane Growth Modifier: 100%
[00:08:35] [Server thread/INFO]: Melon Growth Modifier: 100%
[00:08:35] [Server thread/INFO]: Mushroom Growth Modifier: 100%
[00:08:35] [Server thread/INFO]: Pumpkin Growth Modifier: 100%
[00:08:35] [Server thread/INFO]: Sapling Growth Modifier: 100%
[00:08:35] [Server thread/INFO]: Beetroot Growth Modifier: 100%
[00:08:35] [Server thread/INFO]: Carrot Growth Modifier: 100%
[00:08:35] [Server thread/INFO]: Potato Growth Modifier: 100%
[00:08:35] [Server thread/INFO]: Wheat Growth Modifier: 100%
[00:08:35] [Server thread/INFO]: NetherWart Growth Modifier: 100%
[00:08:35] [Server thread/INFO]: Vine Growth Modifier: 100%
[00:08:35] [Server thread/INFO]: Cocoa Growth Modifier: 100%
[00:08:35] [Server thread/INFO]: Bamboo Growth Modifier: 100%
[00:08:35] [Server thread/INFO]: SweetBerry Growth Modifier: 100%
[00:08:35] [Server thread/INFO]: Kelp Growth Modifier: 100%
[00:08:35] [Server thread/INFO]: Entity Activation Range: An 32 / Mo 32 / Ra 48 / Mi 16 / Tiv true
[00:08:35] [Server thread/INFO]: Entity Tracking Range: Pl 48 / An 48 / Mo 48 / Mi 32 / Other 64
[00:08:35] [Server thread/INFO]: Hopper Transfer: 8 Hopper Check: 1 Hopper Amount: 1
[00:08:35] [Server thread/INFO]: Custom Map Seeds:  Village: 10387312 Desert: 14357617 Igloo: 14357618 Jungle: 14357619 Swamp: 14357620 Monument: 10387313Ocean: 14357621 Shipwreck: 165745295 Slime: 987234911
[00:08:35] [Server thread/INFO]: Max TNT Explosions: 100
[00:08:35] [Server thread/INFO]: Tile Max Tick Time: 50ms Entity max Tick Time: 50ms
[00:08:35] [Server thread/INFO]: View Distance: 10
[00:08:35] [Server thread/INFO]: Allow Zombie Pigmen to spawn from portal blocks: true
[00:08:35] [Server thread/INFO]: Item Merge Radius: 2.5
[00:08:35] [Server thread/INFO]: Item Despawn Rate: 6000
[00:08:35] [Server thread/INFO]: Arrow Despawn Rate: 1200 Trident Respawn Rate:1200
[00:08:35] [Server thread/INFO]: Zombie Aggressive Towards Villager: true
[00:08:35] [Server thread/INFO]: Nerfing mobs spawned from spawners: false
[00:08:35] [Server thread/INFO]: -------- World Settings For [world_the_end] --------
[00:08:35] [Server thread/INFO]: Experience Merge Radius: 3.0
[00:08:35] [Server thread/INFO]: Mob Spawn Range: 8
[00:08:35] [Server thread/INFO]: Cactus Growth Modifier: 100%
[00:08:35] [Server thread/INFO]: Cane Growth Modifier: 100%
[00:08:35] [Server thread/INFO]: Melon Growth Modifier: 100%
[00:08:35] [Server thread/INFO]: Mushroom Growth Modifier: 100%
[00:08:35] [Server thread/INFO]: Pumpkin Growth Modifier: 100%
[00:08:35] [Server thread/INFO]: Sapling Growth Modifier: 100%
[00:08:35] [Server thread/INFO]: Beetroot Growth Modifier: 100%
[00:08:35] [Server thread/INFO]: Carrot Growth Modifier: 100%
[00:08:35] [Server thread/INFO]: Potato Growth Modifier: 100%
[00:08:35] [Server thread/INFO]: Wheat Growth Modifier: 100%
[00:08:35] [Server thread/INFO]: NetherWart Growth Modifier: 100%
[00:08:35] [Server thread/INFO]: Vine Growth Modifier: 100%
[00:08:35] [Server thread/INFO]: Cocoa Growth Modifier: 100%
[00:08:35] [Server thread/INFO]: Bamboo Growth Modifier: 100%
[00:08:35] [Server thread/INFO]: SweetBerry Growth Modifier: 100%
[00:08:35] [Server thread/INFO]: Kelp Growth Modifier: 100%
[00:08:35] [Server thread/INFO]: Entity Activation Range: An 32 / Mo 32 / Ra 48 / Mi 16 / Tiv true
[00:08:35] [Server thread/INFO]: Entity Tracking Range: Pl 48 / An 48 / Mo 48 / Mi 32 / Other 64
[00:08:35] [Server thread/INFO]: Hopper Transfer: 8 Hopper Check: 1 Hopper Amount: 1
[00:08:35] [Server thread/INFO]: Custom Map Seeds:  Village: 10387312 Desert: 14357617 Igloo: 14357618 Jungle: 14357619 Swamp: 14357620 Monument: 10387313Ocean: 14357621 Shipwreck: 165745295 Slime: 987234911
[00:08:35] [Server thread/INFO]: Max TNT Explosions: 100
[00:08:35] [Server thread/INFO]: Tile Max Tick Time: 50ms Entity max Tick Time: 50ms
[00:08:35] [Server thread/INFO]: View Distance: 10
[00:08:35] [Server thread/INFO]: Allow Zombie Pigmen to spawn from portal blocks: true
[00:08:35] [Server thread/INFO]: Item Merge Radius: 2.5
[00:08:35] [Server thread/INFO]: Item Despawn Rate: 6000
[00:08:35] [Server thread/INFO]: Arrow Despawn Rate: 1200 Trident Respawn Rate:1200
[00:08:35] [Server thread/INFO]: Zombie Aggressive Towards Villager: true
[00:08:35] [Server thread/INFO]: Nerfing mobs spawned from spawners: false
[00:08:35] [Server thread/INFO]: [DeadChest] Disabling DeadChest v2.8
[00:08:35] [Server thread/INFO]: [Bssentials] Disabling Bssentials v3.0-b27
[00:08:35] [Server thread/INFO]: [SinglePlayerSleep] Disabling SinglePlayerSleep v1.13_2.13.33
[00:08:35] [Server thread/INFO]: [33m**************************************[0m
[00:08:35] [Server thread/INFO]: [32mSinglePlayerSleep v1.13_2.13.33[0m is [1mDISABLED[0m
[00:08:35] [Server thread/INFO]: [33m**************************************[0m
[00:08:35] [Server thread/INFO]: [CrisTreeCapitator] Disabling CrisTreeCapitator v6.0
[00:08:35] [Server thread/INFO]: [CrisTreeCapitator] Disabled
[00:08:35] [Server thread/INFO]: [TrollBoss] Disabling TrollBoss v6.1.7
[00:08:35] [Server thread/INFO]: [TrollBoss] Plugin disabled!
[00:08:35] [Server thread/INFO]: [dynmap] Disabling dynmap v2.5-Dev201706100405
[00:08:35] [Server thread/ERROR]: Error occurred while disabling dynmap v2.5-Dev201706100405 (Is it up to date?)
java.lang.NullPointerException: null
	at org.dynmap.bukkit.DynmapPlugin.onDisable(DynmapPlugin.java:902) ~[?:?]
	at org.bukkit.plugin.java.JavaPlugin.setEnabled(JavaPlugin.java:265) ~[patched_1.15.2.jar:git-Paper-71]
	at org.bukkit.plugin.java.JavaPluginLoader.disablePlugin(JavaPluginLoader.java:373) ~[patched_1.15.2.jar:git-Paper-71]
	at org.bukkit.plugin.SimplePluginManager.disablePlugin(SimplePluginManager.java:453) ~[patched_1.15.2.jar:git-Paper-71]
	at org.bukkit.plugin.SimplePluginManager.disablePlugins(SimplePluginManager.java:439) ~[patched_1.15.2.jar:git-Paper-71]
	at org.bukkit.plugin.SimplePluginManager.clearPlugins(SimplePluginManager.java:508) ~[patched_1.15.2.jar:git-Paper-71]
	at org.bukkit.craftbukkit.v1_15_R1.CraftServer.reload(CraftServer.java:816) ~[patched_1.15.2.jar:git-Paper-71]
	at org.bukkit.Bukkit.reload(Bukkit.java:610) ~[patched_1.15.2.jar:git-Paper-71]
	at org.bukkit.command.defaults.ReloadCommand.execute(ReloadCommand.java:54) ~[patched_1.15.2.jar:git-Paper-71]
	at org.bukkit.command.SimpleCommandMap.dispatch(SimpleCommandMap.java:159) ~[patched_1.15.2.jar:git-Paper-71]
	at org.bukkit.craftbukkit.v1_15_R1.CraftServer.dispatchCommand(CraftServer.java:740) ~[patched_1.15.2.jar:git-Paper-71]
	at net.minecraft.server.v1_15_R1.PlayerConnection.handleCommand(PlayerConnection.java:1820) ~[patched_1.15.2.jar:git-Paper-71]
	at net.minecraft.server.v1_15_R1.PlayerConnection.a(PlayerConnection.java:1628) ~[patched_1.15.2.jar:git-Paper-71]
	at net.minecraft.server.v1_15_R1.PacketPlayInChat.a(PacketPlayInChat.java:47) ~[patched_1.15.2.jar:git-Paper-71]
	at net.minecraft.server.v1_15_R1.PacketPlayInChat.a(PacketPlayInChat.java:5) ~[patched_1.15.2.jar:git-Paper-71]
	at net.minecraft.server.v1_15_R1.PlayerConnectionUtils.lambda$ensureMainThread$0(PlayerConnectionUtils.java:23) ~[patched_1.15.2.jar:git-Paper-71]
	at net.minecraft.server.v1_15_R1.TickTask.run(SourceFile:18) ~[patched_1.15.2.jar:git-Paper-71]
	at net.minecraft.server.v1_15_R1.IAsyncTaskHandler.executeTask(IAsyncTaskHandler.java:136) ~[patched_1.15.2.jar:git-Paper-71]
	at net.minecraft.server.v1_15_R1.IAsyncTaskHandlerReentrant.executeTask(SourceFile:23) ~[patched_1.15.2.jar:git-Paper-71]
	at net.minecraft.server.v1_15_R1.IAsyncTaskHandler.executeNext(IAsyncTaskHandler.java:109) ~[patched_1.15.2.jar:git-Paper-71]
	at net.minecraft.server.v1_15_R1.MinecraftServer.ba(MinecraftServer.java:1038) ~[patched_1.15.2.jar:git-Paper-71]
	at net.minecraft.server.v1_15_R1.MinecraftServer.executeNext(MinecraftServer.java:1031) ~[patched_1.15.2.jar:git-Paper-71]
	at net.minecraft.server.v1_15_R1.IAsyncTaskHandler.awaitTasks(IAsyncTaskHandler.java:119) ~[patched_1.15.2.jar:git-Paper-71]
	at net.minecraft.server.v1_15_R1.MinecraftServer.sleepForTick(MinecraftServer.java:1015) ~[patched_1.15.2.jar:git-Paper-71]
	at net.minecraft.server.v1_15_R1.MinecraftServer.run(MinecraftServer.java:938) ~[patched_1.15.2.jar:git-Paper-71]
	at java.lang.Thread.run(Thread.java:748) [?:1.8.0_191]
[00:08:35] [Server thread/INFO]: Reloading ResourceManager: Default, bukkit
[00:08:36] [Server thread/INFO]: Loaded 6 recipes
[00:08:36] [Server thread/INFO]: Reloading ResourceManager: Default, bukkit
[00:08:36] [Server thread/INFO]: Loaded 6 recipes
[00:08:37] [Server thread/WARN]: Legacy plugin dynmap v2.5-Dev201706100405 does not specify an api-version.
[00:08:37] [Server thread/WARN]: Legacy plugin Bssentials v3.0-b27 does not specify an api-version.
[00:08:37] [Server thread/INFO]: [dynmap] Loading dynmap v2.5-Dev201706100405
[00:08:37] [Server thread/INFO]: [dynmap] version=git-Paper-71 (MC: 1.15.2)
[00:08:37] [Server thread/ERROR]: [dynmap] Unable to find field biome for org.bukkit.craftbukkit.v1_15_R1.CraftChunkSnapshot
[00:08:37] [Server thread/ERROR]: [org.bukkit.craftbukkit.v1_15_R1.CraftServer] Error initializing dynmap - bukkit version incompatible! initializing dynmap v2.5-Dev201706100405 (Is it up to date?)
java.lang.IllegalArgumentException: Error initializing dynmap - bukkit version incompatible!
	at org.dynmap.bukkit.BukkitVersionHelperGeneric.<init>(BukkitVersionHelperGeneric.java:129) ~[?:?]
	at org.dynmap.bukkit.BukkitVersionHelperCB.<init>(BukkitVersionHelperCB.java:39) ~[?:?]
	at org.dynmap.bukkit.BukkitVersionHelper.getHelper(BukkitVersionHelper.java:42) ~[?:?]
	at org.dynmap.bukkit.DynmapPlugin.onLoad(DynmapPlugin.java:756) ~[?:?]
	at org.bukkit.craftbukkit.v1_15_R1.CraftServer.loadPlugins(CraftServer.java:361) ~[patched_1.15.2.jar:git-Paper-71]
	at org.bukkit.craftbukkit.v1_15_R1.CraftServer.reload(CraftServer.java:858) ~[patched_1.15.2.jar:git-Paper-71]
	at org.bukkit.Bukkit.reload(Bukkit.java:610) ~[patched_1.15.2.jar:git-Paper-71]
	at org.bukkit.command.defaults.ReloadCommand.execute(ReloadCommand.java:54) ~[patched_1.15.2.jar:git-Paper-71]
	at org.bukkit.command.SimpleCommandMap.dispatch(SimpleCommandMap.java:159) ~[patched_1.15.2.jar:git-Paper-71]
	at org.bukkit.craftbukkit.v1_15_R1.CraftServer.dispatchCommand(CraftServer.java:740) ~[patched_1.15.2.jar:git-Paper-71]
	at net.minecraft.server.v1_15_R1.PlayerConnection.handleCommand(PlayerConnection.java:1820) ~[patched_1.15.2.jar:git-Paper-71]
	at net.minecraft.server.v1_15_R1.PlayerConnection.a(PlayerConnection.java:1628) ~[patched_1.15.2.jar:git-Paper-71]
	at net.minecraft.server.v1_15_R1.PacketPlayInChat.a(PacketPlayInChat.java:47) ~[patched_1.15.2.jar:git-Paper-71]
	at net.minecraft.server.v1_15_R1.PacketPlayInChat.a(PacketPlayInChat.java:5) ~[patched_1.15.2.jar:git-Paper-71]
	at net.minecraft.server.v1_15_R1.PlayerConnectionUtils.lambda$ensureMainThread$0(PlayerConnectionUtils.java:23) ~[patched_1.15.2.jar:git-Paper-71]
	at net.minecraft.server.v1_15_R1.TickTask.run(SourceFile:18) ~[patched_1.15.2.jar:git-Paper-71]
	at net.minecraft.server.v1_15_R1.IAsyncTaskHandler.executeTask(IAsyncTaskHandler.java:136) ~[patched_1.15.2.jar:git-Paper-71]
	at net.minecraft.server.v1_15_R1.IAsyncTaskHandlerReentrant.executeTask(SourceFile:23) ~[patched_1.15.2.jar:git-Paper-71]
	at net.minecraft.server.v1_15_R1.IAsyncTaskHandler.executeNext(IAsyncTaskHandler.java:109) ~[patched_1.15.2.jar:git-Paper-71]
	at net.minecraft.server.v1_15_R1.MinecraftServer.ba(MinecraftServer.java:1038) ~[patched_1.15.2.jar:git-Paper-71]
	at net.minecraft.server.v1_15_R1.MinecraftServer.executeNext(MinecraftServer.java:1031) ~[patched_1.15.2.jar:git-Paper-71]
	at net.minecraft.server.v1_15_R1.IAsyncTaskHandler.awaitTasks(IAsyncTaskHandler.java:119) ~[patched_1.15.2.jar:git-Paper-71]
	at net.minecraft.server.v1_15_R1.MinecraftServer.sleepForTick(MinecraftServer.java:1015) ~[patched_1.15.2.jar:git-Paper-71]
	at net.minecraft.server.v1_15_R1.MinecraftServer.run(MinecraftServer.java:938) ~[patched_1.15.2.jar:git-Paper-71]
	at java.lang.Thread.run(Thread.java:748) [?:1.8.0_191]
[00:08:37] [Server thread/INFO]: [WorldEdit] Loading WorldEdit v7.1.0;8e55131
[00:08:38] [Server thread/INFO]: Got request to register class com.sk89q.worldedit.bukkit.BukkitServerInterface with WorldEdit [com.sk89q.worldedit.extension.platform.PlatformManager@5794a6ad]
[00:08:38] [Server thread/INFO]: [TrollBoss] Loading TrollBoss v6.1.7
[00:08:38] [Server thread/INFO]: [CrisTreeCapitator] Loading CrisTreeCapitator v6.0
[00:08:38] [Server thread/INFO]: [StructureBoxes] Loading StructureBoxes v2.5
[00:08:38] [Server thread/INFO]: [SinglePlayerSleep] Loading SinglePlayerSleep v1.13_2.13.33
[00:08:38] [Server thread/INFO]: [Bssentials] Loading Bssentials v3.0-b27
[00:08:38] [Server thread/INFO]: [DeadChest] Loading DeadChest v2.8
[00:08:38] [Server thread/INFO]: Server permissions file permissions.yml is empty, ignoring it
[00:08:38] [Server thread/INFO]: [WorldEdit] Enabling WorldEdit v7.1.0;8e55131
[00:08:38] [Server thread/INFO]: WEPIF: Updated config file
[00:08:38] [Server thread/INFO]: WEPIF: Using the Bukkit Permissions API.
[00:08:38] [Server thread/WARN]: [WorldEdit] Server reload detected. This may cause various issues with WorldEdit and dependent plugins.
[00:08:38] [Server thread/INFO]: Using com.sk89q.worldedit.bukkit.adapter.impl.Spigot_v1_15_R2 as the Bukkit adapter
[00:08:38] [Server thread/INFO]: [WorldEdit] Default configuration file written: config.yml
[00:08:39] [Server thread/INFO]: Registering commands with com.sk89q.worldedit.bukkit.BukkitServerInterface
[00:08:39] [Server thread/INFO]: [dynmap] Enabling dynmap v2.5-Dev201706100405*
[00:08:39] [Server thread/INFO]: [dynmap] Dynmap is disabled (unsupported platform)
[00:08:39] [Server thread/INFO]: [TrollBoss] Enabling TrollBoss v6.1.7
[00:08:39] [Thread-20/INFO]: [TrollBoss] Finished updating.
[00:08:39] [Server thread/INFO]: [TrollBoss] Plugin enabled!
[00:08:39] [Server thread/INFO]: [CrisTreeCapitator] Enabling CrisTreeCapitator v6.0
[00:08:39] [Server thread/INFO]: [CrisTreeCapitator] WorldGuard not found.
[00:08:40] [Server thread/INFO]: [CrisTreeCapitator] Enabled
[00:08:40] [Server thread/INFO]: [StructureBoxes] Enabling StructureBoxes v2.5
[00:08:40] [Server thread/INFO]: [SinglePlayerSleep] Enabling SinglePlayerSleep v1.13_2.13.33
[00:08:40] [Server thread/INFO]: [33m**************************************[0m
[00:08:40] [Server thread/INFO]: [32mSinglePlayerSleep v1.13_2.13.33[0m Loading...
[00:08:40] [Server thread/INFO]: [SinglePlayerSleep] plugins/SinglePlayerSleep/config.yml
[00:08:40] [Server thread/INFO]: [33m**************************************[0m
[00:08:40] [Server thread/INFO]: [32mSinglePlayerSleep v1.13_2.13.33[0m is [1mENABLED[0m
[00:08:40] [Server thread/INFO]: [33m**************************************[0m
[00:08:40] [Server thread/INFO]: [33mSinglePlayerSleep[0m MC vgit-Paper-71 (MC: 1.15.2) debug=false in plugins/SinglePlayerSleep/config.yml[0m
[00:08:40] [Server thread/INFO]: [Bssentials] Enabling Bssentials v3.0-b27*
[00:08:40] [Server thread/WARN]: [Bssentials] Could not save info.txt to plugins/Bssentials/info.txt because info.txt already exists.
[00:08:40] [Server thread/WARN]: [Bssentials] Could not save motd.txt to plugins/Bssentials/motd.txt because motd.txt already exists.
[00:08:40] [Server thread/WARN]: [Bssentials] Could not save rules.txt to plugins/Bssentials/rules.txt because rules.txt already exists.
[00:08:40] [Server thread/INFO]: [Bssentials] Registering commands...
[00:08:40] [Server thread/INFO]: [Bssentials] Registered 39 commands
[00:08:40] [Server thread/INFO]: [DeadChest] Enabling DeadChest v2.8
[00:08:40] [Server thread/INFO]: volzzy: Reload complete.
[00:08:40] [Server thread/INFO]: Timings Reset
[00:08:40] [Server thread/INFO]: [Bssentials]  __   __   __   ___      ___              __  
[00:08:40] [Server thread/INFO]: [Bssentials] |__) /__` /__` |__  |\ |  |  |  /\  |    /__` 
[00:08:40] [Server thread/INFO]: [Bssentials] |__) .__/ .__/ |___ | \|  |  | /~~\ |___ .__/ 
[00:08:40] [Server thread/INFO]: [Bssentials]                                                 
[00:08:40] [Server thread/INFO]: [Bssentials] Version 3.0-b27
[00:08:40] [Server thread/WARN]: [Bssentials] The EssentialsBridge plugin is not installed! Plugins that requrire the EssAPI will not function with Bssentials without this bridge, (ex ChestShop, Vault, etc)
[00:08:40] [Server thread/INFO]: [Bssentials] https://dev.bukkit.org/projects/essentialsapibridge
[00:08:40] [Craft Scheduler Thread - 5/INFO]: [StructureBoxes] Checking for updates
[00:08:40] [Server thread/WARN]: Can't keep up! Is the server overloaded? Running 5106ms or 102 ticks behind
[00:08:46] [Craft Scheduler Thread - 6/INFO]: [StructureBoxes] You are up to date
[00:09:22] [Server thread/INFO]: <BooyaBaby> i lost my mouse so im just standing here anyways
[00:09:34] [Server thread/INFO]: <volzzy> how do you lose your mouse
[00:09:36] [Server thread/INFO]: <Armogan> go take bubbas for the night
[00:10:13] [Server thread/INFO]: <BooyaBaby> well u see, i saw it then i forgot where i saw it
[00:10:17] [Server thread/INFO]: volzzy issued server command: //wand
[00:12:39] [Server thread/INFO]: volzzy issued server command: //copy
[00:12:47] [Server thread/INFO]: volzzy issued server command: //paste
[00:12:52] [Server thread/INFO]: volzzy issued server command: //undo
[00:12:57] [Server thread/INFO]: volzzy issued server command: //paste
[00:13:00] [Server thread/INFO]: volzzy issued server command: //undo
[00:13:26] [Server thread/INFO]: volzzy issued server command: //copy
[00:13:33] [Server thread/INFO]: volzzy issued server command: //paste
[00:13:35] [Server thread/INFO]: volzzy issued server command: //undo
[00:13:39] [Server thread/INFO]: volzzy issued server command: //paste
[00:13:41] [Server thread/INFO]: volzzy issued server command: //undo
[00:13:44] [Server thread/INFO]: volzzy issued server command: //paste
[00:13:48] [Server thread/INFO]: volzzy issued server command: //undo
[00:14:15] [Server thread/INFO]: volzzy issued server command: //copy
[00:14:21] [Server thread/INFO]: volzzy issued server command: //paste
[00:14:24] [Server thread/INFO]: volzzy issued server command: //undo
[00:14:24] [Server thread/ERROR]: Block at 124, 71, -6,575 is Block{minecraft:snow} but has net.minecraft.server.v1_15_R1.TileEntityBlastFurnace@17138ca7. Bukkit will attempt to fix this, but there may be additional damage that we cannot recover.
[00:14:24] [Server thread/ERROR]: Block at 125, 71, -6,572 is Block{minecraft:snow} but has net.minecraft.server.v1_15_R1.TileEntityChest@4a2988f3. Bukkit will attempt to fix this, but there may be additional damage that we cannot recover.
[00:14:24] [Server thread/ERROR]: Block at 125, 71, -6,571 is Block{minecraft:snow} but has net.minecraft.server.v1_15_R1.TileEntityChest@590ec6b. Bukkit will attempt to fix this, but there may be additional damage that we cannot recover.
[00:14:32] [Server thread/INFO]: volzzy issued server command: //paste
[00:14:35] [Server thread/INFO]: volzzy issued server command: //undo
[00:14:40] [Server thread/INFO]: volzzy issued server command: //paste
[00:15:04] [Server thread/INFO]: Armogan has made the advancement [Hot Stuff]
[00:15:26] [Server thread/INFO]: <BooyaBaby> u pyro
[00:16:04] [Server thread/INFO]: volzzy issued server command: //paste
[00:16:07] [Server thread/INFO]: volzzy issued server command: //undo
[00:16:10] [Server thread/INFO]: volzzy issued server command: //paste
[00:16:11] [Server thread/INFO]: Armogan issued server command: /gmc
[00:16:29] [Server thread/INFO]: Armogan issued server command: /gms
[00:16:47] [Server thread/INFO]: volzzy issued server command: //paste
[00:17:33] [Server thread/INFO]: Armogan issued server command: /gmc
[00:18:10] [Server thread/INFO]: volzzy issued server command: //paste
[00:18:34] [Server thread/INFO]: volzzy issued server command: //paste
[00:18:38] [Server thread/INFO]: volzzy issued server command: //undo
[00:18:47] [Server thread/INFO]: volzzy issued server command: //paste
[00:18:50] [Server thread/INFO]: volzzy issued server command: //undo
[00:19:25] [Server thread/INFO]: Villager EntityVillager['Leatherworker'/133820, uuid='b8cdeaad-d120-4b36-b9c9-62585ac1d126', l='world', x=189.76, y=71.00, z=-6611.77, cx=11, cz=-414, tl=35897, v=true, d=false] died, message: 'Leatherworker was slain by Zombie'
[00:19:40] [Server thread/INFO]: Villager EntityVillager['Fisherman'/133980, uuid='6f3f379a-3346-4be2-9dbb-6a3f6292f005', l='world', x=203.50, y=68.94, z=-6526.29, cx=12, cz=-408, tl=36003, v=true, d=false] died, message: 'Fisherman was slain by Zombie'
[00:20:26] [Server thread/INFO]: BooyaBaby issued server command: /locate Mansion
[00:20:32] [Server thread/WARN]: Can't keep up! Is the server overloaded? Running 5812ms or 116 ticks behind
[00:22:27] [Server thread/INFO]: volzzy issued server command: /sleep
[00:22:43] [Server thread/INFO]: BooyaBaby lost connection: Disconnected
[00:22:43] [Server thread/INFO]: BooyaBaby left the game
[00:22:46] [Server thread/INFO]: <volzzy> bye mom
[00:23:23] [Server thread/INFO]: Armogan issued server command: /gms
[00:28:37] [Server thread/INFO]: volzzy issued server command: /reload
[00:28:37] [Server thread/INFO]: volzzy: Are you sure you wish to reload your server? Doing so may cause bugs and memory leaks. It is recommended to restart instead of using /reload. To confirm, please type /reload confirm
[00:28:38] [Server thread/INFO]: volzzy issued server command: /reload confirm
[00:28:38] [Server thread/INFO]: volzzy: Please note that this command is not supported and may cause issues when using some plugins.
[00:28:38] [Server thread/INFO]: volzzy: If you encounter any issues please use the /stop command to restart your server.
[00:28:38] [Server thread/INFO]: Server Ping Player Sample Count: 12
[00:28:38] [Server thread/INFO]: Using 4 threads for Netty based IO
[00:28:38] [Server thread/INFO]: Debug logging is disabled
[00:28:38] [Server thread/INFO]: -------- World Settings For [world] --------
[00:28:38] [Server thread/INFO]: Experience Merge Radius: 3.0
[00:28:38] [Server thread/INFO]: Mob Spawn Range: 8
[00:28:38] [Server thread/INFO]: Cactus Growth Modifier: 100%
[00:28:38] [Server thread/INFO]: Cane Growth Modifier: 100%
[00:28:38] [Server thread/INFO]: Melon Growth Modifier: 100%
[00:28:38] [Server thread/INFO]: Mushroom Growth Modifier: 100%
[00:28:38] [Server thread/INFO]: Pumpkin Growth Modifier: 100%
[00:28:38] [Server thread/INFO]: Sapling Growth Modifier: 100%
[00:28:38] [Server thread/INFO]: Beetroot Growth Modifier: 100%
[00:28:38] [Server thread/INFO]: Carrot Growth Modifier: 100%
[00:28:38] [Server thread/INFO]: Potato Growth Modifier: 100%
[00:28:38] [Server thread/INFO]: Wheat Growth Modifier: 100%
[00:28:38] [Server thread/INFO]: NetherWart Growth Modifier: 100%
[00:28:38] [Server thread/INFO]: Vine Growth Modifier: 100%
[00:28:38] [Server thread/INFO]: Cocoa Growth Modifier: 100%
[00:28:38] [Server thread/INFO]: Bamboo Growth Modifier: 100%
[00:28:38] [Server thread/INFO]: SweetBerry Growth Modifier: 100%
[00:28:38] [Server thread/INFO]: Kelp Growth Modifier: 100%
[00:28:38] [Server thread/INFO]: Entity Activation Range: An 32 / Mo 32 / Ra 48 / Mi 16 / Tiv true
[00:28:38] [Server thread/INFO]: Entity Tracking Range: Pl 48 / An 48 / Mo 48 / Mi 32 / Other 64
[00:28:38] [Server thread/INFO]: Hopper Transfer: 8 Hopper Check: 1 Hopper Amount: 1
[00:28:38] [Server thread/INFO]: Custom Map Seeds:  Village: 10387312 Desert: 14357617 Igloo: 14357618 Jungle: 14357619 Swamp: 14357620 Monument: 10387313Ocean: 14357621 Shipwreck: 165745295 Slime: 987234911
[00:28:38] [Server thread/INFO]: Max TNT Explosions: 100
[00:28:38] [Server thread/INFO]: Tile Max Tick Time: 50ms Entity max Tick Time: 50ms
[00:28:38] [Server thread/INFO]: View Distance: 10
[00:28:38] [Server thread/INFO]: Allow Zombie Pigmen to spawn from portal blocks: true
[00:28:38] [Server thread/INFO]: Item Merge Radius: 2.5
[00:28:38] [Server thread/INFO]: Item Despawn Rate: 6000
[00:28:38] [Server thread/INFO]: Arrow Despawn Rate: 1200 Trident Respawn Rate:1200
[00:28:38] [Server thread/INFO]: Zombie Aggressive Towards Villager: true
[00:28:38] [Server thread/INFO]: Nerfing mobs spawned from spawners: false
[00:28:39] [Server thread/INFO]: -------- World Settings For [world_nether] --------
[00:28:39] [Server thread/INFO]: Experience Merge Radius: 3.0
[00:28:39] [Server thread/INFO]: Mob Spawn Range: 8
[00:28:39] [Server thread/INFO]: Cactus Growth Modifier: 100%
[00:28:39] [Server thread/INFO]: Cane Growth Modifier: 100%
[00:28:39] [Server thread/INFO]: Melon Growth Modifier: 100%
[00:28:39] [Server thread/INFO]: Mushroom Growth Modifier: 100%
[00:28:39] [Server thread/INFO]: Pumpkin Growth Modifier: 100%
[00:28:39] [Server thread/INFO]: Sapling Growth Modifier: 100%
[00:28:39] [Server thread/INFO]: Beetroot Growth Modifier: 100%
[00:28:39] [Server thread/INFO]: Carrot Growth Modifier: 100%
[00:28:39] [Server thread/INFO]: Potato Growth Modifier: 100%
[00:28:39] [Server thread/INFO]: Wheat Growth Modifier: 100%
[00:28:39] [Server thread/INFO]: NetherWart Growth Modifier: 100%
[00:28:39] [Server thread/INFO]: Vine Growth Modifier: 100%
[00:28:39] [Server thread/INFO]: Cocoa Growth Modifier: 100%
[00:28:39] [Server thread/INFO]: Bamboo Growth Modifier: 100%
[00:28:39] [Server thread/INFO]: SweetBerry Growth Modifier: 100%
[00:28:39] [Server thread/INFO]: Kelp Growth Modifier: 100%
[00:28:39] [Server thread/INFO]: Entity Activation Range: An 32 / Mo 32 / Ra 48 / Mi 16 / Tiv true
[00:28:39] [Server thread/INFO]: Entity Tracking Range: Pl 48 / An 48 / Mo 48 / Mi 32 / Other 64
[00:28:39] [Server thread/INFO]: Hopper Transfer: 8 Hopper Check: 1 Hopper Amount: 1
[00:28:39] [Server thread/INFO]: Custom Map Seeds:  Village: 10387312 Desert: 14357617 Igloo: 14357618 Jungle: 14357619 Swamp: 14357620 Monument: 10387313Ocean: 14357621 Shipwreck: 165745295 Slime: 987234911
[00:28:39] [Server thread/INFO]: Max TNT Explosions: 100
[00:28:39] [Server thread/INFO]: Tile Max Tick Time: 50ms Entity max Tick Time: 50ms
[00:28:39] [Server thread/INFO]: View Distance: 10
[00:28:39] [Server thread/INFO]: Allow Zombie Pigmen to spawn from portal blocks: true
[00:28:39] [Server thread/INFO]: Item Merge Radius: 2.5
[00:28:39] [Server thread/INFO]: Item Despawn Rate: 6000
[00:28:39] [Server thread/INFO]: Arrow Despawn Rate: 1200 Trident Respawn Rate:1200
[00:28:39] [Server thread/INFO]: Zombie Aggressive Towards Villager: true
[00:28:39] [Server thread/INFO]: Nerfing mobs spawned from spawners: false
[00:28:39] [Server thread/INFO]: -------- World Settings For [world_the_end] --------
[00:28:39] [Server thread/INFO]: Experience Merge Radius: 3.0
[00:28:39] [Server thread/INFO]: Mob Spawn Range: 8
[00:28:39] [Server thread/INFO]: Cactus Growth Modifier: 100%
[00:28:39] [Server thread/INFO]: Cane Growth Modifier: 100%
[00:28:39] [Server thread/INFO]: Melon Growth Modifier: 100%
[00:28:39] [Server thread/INFO]: Mushroom Growth Modifier: 100%
[00:28:39] [Server thread/INFO]: Pumpkin Growth Modifier: 100%
[00:28:39] [Server thread/INFO]: Sapling Growth Modifier: 100%
[00:28:39] [Server thread/INFO]: Beetroot Growth Modifier: 100%
[00:28:39] [Server thread/INFO]: Carrot Growth Modifier: 100%
[00:28:39] [Server thread/INFO]: Potato Growth Modifier: 100%
[00:28:39] [Server thread/INFO]: Wheat Growth Modifier: 100%
[00:28:39] [Server thread/INFO]: NetherWart Growth Modifier: 100%
[00:28:39] [Server thread/INFO]: Vine Growth Modifier: 100%
[00:28:39] [Server thread/INFO]: Cocoa Growth Modifier: 100%
[00:28:39] [Server thread/INFO]: Bamboo Growth Modifier: 100%
[00:28:39] [Server thread/INFO]: SweetBerry Growth Modifier: 100%
[00:28:39] [Server thread/INFO]: Kelp Growth Modifier: 100%
[00:28:39] [Server thread/INFO]: Entity Activation Range: An 32 / Mo 32 / Ra 48 / Mi 16 / Tiv true
[00:28:39] [Server thread/INFO]: Entity Tracking Range: Pl 48 / An 48 / Mo 48 / Mi 32 / Other 64
[00:28:39] [Server thread/INFO]: Hopper Transfer: 8 Hopper Check: 1 Hopper Amount: 1
[00:28:39] [Server thread/INFO]: Custom Map Seeds:  Village: 10387312 Desert: 14357617 Igloo: 14357618 Jungle: 14357619 Swamp: 14357620 Monument: 10387313Ocean: 14357621 Shipwreck: 165745295 Slime: 987234911
[00:28:39] [Server thread/INFO]: Max TNT Explosions: 100
[00:28:39] [Server thread/INFO]: Tile Max Tick Time: 50ms Entity max Tick Time: 50ms
[00:28:39] [Server thread/INFO]: View Distance: 10
[00:28:39] [Server thread/INFO]: Allow Zombie Pigmen to spawn from portal blocks: true
[00:28:39] [Server thread/INFO]: Item Merge Radius: 2.5
[00:28:39] [Server thread/INFO]: Item Despawn Rate: 6000
[00:28:39] [Server thread/INFO]: Arrow Despawn Rate: 1200 Trident Respawn Rate:1200
[00:28:39] [Server thread/INFO]: Zombie Aggressive Towards Villager: true
[00:28:39] [Server thread/INFO]: Nerfing mobs spawned from spawners: false
[00:28:39] [Server thread/INFO]: [DeadChest] Disabling DeadChest v2.8
[00:28:39] [Server thread/INFO]: [Bssentials] Disabling Bssentials v3.0-b27
[00:28:39] [Server thread/INFO]: [SinglePlayerSleep] Disabling SinglePlayerSleep v1.13_2.13.33
[00:28:39] [Server thread/INFO]: [33m**************************************[0m
[00:28:39] [Server thread/INFO]: [32mSinglePlayerSleep v1.13_2.13.33[0m is [1mDISABLED[0m
[00:28:39] [Server thread/INFO]: [33m**************************************[0m
[00:28:39] [Server thread/INFO]: [StructureBoxes] Disabling StructureBoxes v2.5
[00:28:39] [Server thread/INFO]: [CrisTreeCapitator] Disabling CrisTreeCapitator v6.0
[00:28:39] [Server thread/INFO]: [CrisTreeCapitator] Disabled
[00:28:39] [Server thread/INFO]: [TrollBoss] Disabling TrollBoss v6.1.7
[00:28:39] [Server thread/INFO]: [TrollBoss] Plugin disabled!
[00:28:39] [Server thread/INFO]: [WorldEdit] Disabling WorldEdit v7.1.0;8e55131
[00:28:39] [Server thread/INFO]: Unregistering com.sk89q.worldedit.bukkit.BukkitServerInterface from WorldEdit
[00:28:39] [Server thread/INFO]: [dynmap] Disabling dynmap v2.5-Dev201706100405
[00:28:39] [Server thread/ERROR]: Error occurred while disabling dynmap v2.5-Dev201706100405 (Is it up to date?)
java.lang.NullPointerException: null
	at org.dynmap.bukkit.DynmapPlugin.onDisable(DynmapPlugin.java:902) ~[?:?]
	at org.bukkit.plugin.java.JavaPlugin.setEnabled(JavaPlugin.java:265) ~[patched_1.15.2.jar:git-Paper-71]
	at org.bukkit.plugin.java.JavaPluginLoader.disablePlugin(JavaPluginLoader.java:373) ~[patched_1.15.2.jar:git-Paper-71]
	at org.bukkit.plugin.SimplePluginManager.disablePlugin(SimplePluginManager.java:453) ~[patched_1.15.2.jar:git-Paper-71]
	at org.bukkit.plugin.SimplePluginManager.disablePlugins(SimplePluginManager.java:439) ~[patched_1.15.2.jar:git-Paper-71]
	at org.bukkit.plugin.SimplePluginManager.clearPlugins(SimplePluginManager.java:508) ~[patched_1.15.2.jar:git-Paper-71]
	at org.bukkit.craftbukkit.v1_15_R1.CraftServer.reload(CraftServer.java:816) ~[patched_1.15.2.jar:git-Paper-71]
	at org.bukkit.Bukkit.reload(Bukkit.java:610) ~[patched_1.15.2.jar:git-Paper-71]
	at org.bukkit.command.defaults.ReloadCommand.execute(ReloadCommand.java:54) ~[patched_1.15.2.jar:git-Paper-71]
	at org.bukkit.command.SimpleCommandMap.dispatch(SimpleCommandMap.java:159) ~[patched_1.15.2.jar:git-Paper-71]
	at org.bukkit.craftbukkit.v1_15_R1.CraftServer.dispatchCommand(CraftServer.java:740) ~[patched_1.15.2.jar:git-Paper-71]
	at net.minecraft.server.v1_15_R1.PlayerConnection.handleCommand(PlayerConnection.java:1820) ~[patched_1.15.2.jar:git-Paper-71]
	at net.minecraft.server.v1_15_R1.PlayerConnection.a(PlayerConnection.java:1628) ~[patched_1.15.2.jar:git-Paper-71]
	at net.minecraft.server.v1_15_R1.PacketPlayInChat.a(PacketPlayInChat.java:47) ~[patched_1.15.2.jar:git-Paper-71]
	at net.minecraft.server.v1_15_R1.PacketPlayInChat.a(PacketPlayInChat.java:5) ~[patched_1.15.2.jar:git-Paper-71]
	at net.minecraft.server.v1_15_R1.PlayerConnectionUtils.lambda$ensureMainThread$0(PlayerConnectionUtils.java:23) ~[patched_1.15.2.jar:git-Paper-71]
	at net.minecraft.server.v1_15_R1.TickTask.run(SourceFile:18) ~[patched_1.15.2.jar:git-Paper-71]
	at net.minecraft.server.v1_15_R1.IAsyncTaskHandler.executeTask(IAsyncTaskHandler.java:136) ~[patched_1.15.2.jar:git-Paper-71]
	at net.minecraft.server.v1_15_R1.IAsyncTaskHandlerReentrant.executeTask(SourceFile:23) ~[patched_1.15.2.jar:git-Paper-71]
	at net.minecraft.server.v1_15_R1.IAsyncTaskHandler.executeNext(IAsyncTaskHandler.java:109) ~[patched_1.15.2.jar:git-Paper-71]
	at net.minecraft.server.v1_15_R1.MinecraftServer.ba(MinecraftServer.java:1038) ~[patched_1.15.2.jar:git-Paper-71]
	at net.minecraft.server.v1_15_R1.MinecraftServer.executeNext(MinecraftServer.java:1031) ~[patched_1.15.2.jar:git-Paper-71]
	at net.minecraft.server.v1_15_R1.IAsyncTaskHandler.executeAll(IAsyncTaskHandler.java:95) ~[patched_1.15.2.jar:git-Paper-71]
	at net.minecraft.server.v1_15_R1.MinecraftServer.a(MinecraftServer.java:1172) ~[patched_1.15.2.jar:git-Paper-71]
	at net.minecraft.server.v1_15_R1.MinecraftServer.run(MinecraftServer.java:934) ~[patched_1.15.2.jar:git-Paper-71]
	at java.lang.Thread.run(Thread.java:748) [?:1.8.0_191]
[00:28:39] [Server thread/INFO]: Reloading ResourceManager: Default, bukkit
[00:28:39] [Server thread/INFO]: Loaded 6 recipes
[00:28:39] [Server thread/INFO]: Reloading ResourceManager: Default, bukkit
[00:28:40] [Server thread/INFO]: Loaded 6 recipes
[00:28:40] [Server thread/WARN]: Legacy plugin dynmap v2.5-Dev201706100405 does not specify an api-version.
[00:28:40] [Server thread/WARN]: Legacy plugin Bssentials v3.0-b27 does not specify an api-version.
[00:28:40] [Server thread/INFO]: [dynmap] Loading dynmap v2.5-Dev201706100405
[00:28:40] [Server thread/INFO]: [dynmap] version=git-Paper-71 (MC: 1.15.2)
[00:28:40] [Server thread/ERROR]: [dynmap] Unable to find field biome for org.bukkit.craftbukkit.v1_15_R1.CraftChunkSnapshot
[00:28:40] [Server thread/ERROR]: [org.bukkit.craftbukkit.v1_15_R1.CraftServer] Error initializing dynmap - bukkit version incompatible! initializing dynmap v2.5-Dev201706100405 (Is it up to date?)
java.lang.IllegalArgumentException: Error initializing dynmap - bukkit version incompatible!
	at org.dynmap.bukkit.BukkitVersionHelperGeneric.<init>(BukkitVersionHelperGeneric.java:129) ~[?:?]
	at org.dynmap.bukkit.BukkitVersionHelperCB.<init>(BukkitVersionHelperCB.java:39) ~[?:?]
	at org.dynmap.bukkit.BukkitVersionHelper.getHelper(BukkitVersionHelper.java:42) ~[?:?]
	at org.dynmap.bukkit.DynmapPlugin.onLoad(DynmapPlugin.java:756) ~[?:?]
	at org.bukkit.craftbukkit.v1_15_R1.CraftServer.loadPlugins(CraftServer.java:361) ~[patched_1.15.2.jar:git-Paper-71]
	at org.bukkit.craftbukkit.v1_15_R1.CraftServer.reload(CraftServer.java:858) ~[patched_1.15.2.jar:git-Paper-71]
	at org.bukkit.Bukkit.reload(Bukkit.java:610) ~[patched_1.15.2.jar:git-Paper-71]
	at org.bukkit.command.defaults.ReloadCommand.execute(ReloadCommand.java:54) ~[patched_1.15.2.jar:git-Paper-71]
	at org.bukkit.command.SimpleCommandMap.dispatch(SimpleCommandMap.java:159) ~[patched_1.15.2.jar:git-Paper-71]
	at org.bukkit.craftbukkit.v1_15_R1.CraftServer.dispatchCommand(CraftServer.java:740) ~[patched_1.15.2.jar:git-Paper-71]
	at net.minecraft.server.v1_15_R1.PlayerConnection.handleCommand(PlayerConnection.java:1820) ~[patched_1.15.2.jar:git-Paper-71]
	at net.minecraft.server.v1_15_R1.PlayerConnection.a(PlayerConnection.java:1628) ~[patched_1.15.2.jar:git-Paper-71]
	at net.minecraft.server.v1_15_R1.PacketPlayInChat.a(PacketPlayInChat.java:47) ~[patched_1.15.2.jar:git-Paper-71]
	at net.minecraft.server.v1_15_R1.PacketPlayInChat.a(PacketPlayInChat.java:5) ~[patched_1.15.2.jar:git-Paper-71]
	at net.minecraft.server.v1_15_R1.PlayerConnectionUtils.lambda$ensureMainThread$0(PlayerConnectionUtils.java:23) ~[patched_1.15.2.jar:git-Paper-71]
	at net.minecraft.server.v1_15_R1.TickTask.run(SourceFile:18) ~[patched_1.15.2.jar:git-Paper-71]
	at net.minecraft.server.v1_15_R1.IAsyncTaskHandler.executeTask(IAsyncTaskHandler.java:136) ~[patched_1.15.2.jar:git-Paper-71]
	at net.minecraft.server.v1_15_R1.IAsyncTaskHandlerReentrant.executeTask(SourceFile:23) ~[patched_1.15.2.jar:git-Paper-71]
	at net.minecraft.server.v1_15_R1.IAsyncTaskHandler.executeNext(IAsyncTaskHandler.java:109) ~[patched_1.15.2.jar:git-Paper-71]
	at net.minecraft.server.v1_15_R1.MinecraftServer.ba(MinecraftServer.java:1038) ~[patched_1.15.2.jar:git-Paper-71]
	at net.minecraft.server.v1_15_R1.MinecraftServer.executeNext(MinecraftServer.java:1031) ~[patched_1.15.2.jar:git-Paper-71]
	at net.minecraft.server.v1_15_R1.IAsyncTaskHandler.executeAll(IAsyncTaskHandler.java:95) ~[patched_1.15.2.jar:git-Paper-71]
	at net.minecraft.server.v1_15_R1.MinecraftServer.a(MinecraftServer.java:1172) ~[patched_1.15.2.jar:git-Paper-71]
	at net.minecraft.server.v1_15_R1.MinecraftServer.run(MinecraftServer.java:934) ~[patched_1.15.2.jar:git-Paper-71]
	at java.lang.Thread.run(Thread.java:748) [?:1.8.0_191]
[00:28:40] [Server thread/INFO]: [WorldEdit] Loading WorldEdit v7.1.0;8e55131
[00:28:41] [Server thread/INFO]: Got request to register class com.sk89q.worldedit.bukkit.BukkitServerInterface with WorldEdit [com.sk89q.worldedit.extension.platform.PlatformManager@10d27d57]
[00:28:41] [Server thread/INFO]: [TrollBoss] Loading TrollBoss v6.1.7
[00:28:41] [Server thread/INFO]: [CrisTreeCapitator] Loading CrisTreeCapitator v6.0
[00:28:41] [Server thread/INFO]: [StructureBoxes] Loading StructureBoxes v2.5
[00:28:41] [Server thread/INFO]: [SinglePlayerSleep] Loading SinglePlayerSleep v1.13_2.13.33
[00:28:41] [Server thread/INFO]: [Bssentials] Loading Bssentials v3.0-b27
[00:28:41] [Server thread/INFO]: [DeadChest] Loading DeadChest v2.8
[00:28:41] [Server thread/INFO]: Server permissions file permissions.yml is empty, ignoring it
[00:28:41] [Server thread/INFO]: [WorldEdit] Enabling WorldEdit v7.1.0;8e55131
[00:28:41] [Server thread/INFO]: WEPIF: Using the Bukkit Permissions API.
[00:28:41] [Server thread/WARN]: [WorldEdit] Server reload detected. This may cause various issues with WorldEdit and dependent plugins.
[00:28:41] [Server thread/INFO]: Using com.sk89q.worldedit.bukkit.adapter.impl.Spigot_v1_15_R2 as the Bukkit adapter
[00:28:41] [Server thread/INFO]: Registering commands with com.sk89q.worldedit.bukkit.BukkitServerInterface
[00:28:41] [Server thread/INFO]: [dynmap] Enabling dynmap v2.5-Dev201706100405*
[00:28:41] [Server thread/INFO]: [dynmap] Dynmap is disabled (unsupported platform)
[00:28:41] [Server thread/INFO]: [TrollBoss] Enabling TrollBoss v6.1.7
[00:28:42] [Thread-25/INFO]: [TrollBoss] Finished updating.
[00:28:42] [Server thread/INFO]: [TrollBoss] Plugin enabled!
[00:28:42] [Server thread/INFO]: [CrisTreeCapitator] Enabling CrisTreeCapitator v6.0
[00:28:42] [Server thread/INFO]: [CrisTreeCapitator] WorldGuard not found.
[00:28:42] [Server thread/INFO]: [CrisTreeCapitator] Enabled
[00:28:42] [Server thread/INFO]: [StructureBoxes] Enabling StructureBoxes v2.5
[00:28:42] [Server thread/INFO]: [SinglePlayerSleep] Enabling SinglePlayerSleep v1.13_2.13.33
[00:28:42] [Server thread/INFO]: [33m**************************************[0m
[00:28:42] [Server thread/INFO]: [32mSinglePlayerSleep v1.13_2.13.33[0m Loading...
[00:28:42] [Server thread/INFO]: [SinglePlayerSleep] plugins/SinglePlayerSleep/config.yml
[00:28:42] [Server thread/INFO]: [33m**************************************[0m
[00:28:42] [Server thread/INFO]: [32mSinglePlayerSleep v1.13_2.13.33[0m is [1mENABLED[0m
[00:28:42] [Server thread/INFO]: [33m**************************************[0m
[00:28:42] [Server thread/INFO]: [33mSinglePlayerSleep[0m MC vgit-Paper-71 (MC: 1.15.2) debug=false in plugins/SinglePlayerSleep/config.yml[0m
[00:28:42] [Server thread/INFO]: [Bssentials] Enabling Bssentials v3.0-b27*
[00:28:42] [Server thread/WARN]: [Bssentials] Could not save info.txt to plugins/Bssentials/info.txt because info.txt already exists.
[00:28:42] [Server thread/WARN]: [Bssentials] Could not save motd.txt to plugins/Bssentials/motd.txt because motd.txt already exists.
[00:28:42] [Server thread/WARN]: [Bssentials] Could not save rules.txt to plugins/Bssentials/rules.txt because rules.txt already exists.
[00:28:42] [Server thread/INFO]: [Bssentials] Registering commands...
[00:28:42] [Server thread/INFO]: [Bssentials] Registered 39 commands
[00:28:42] [Server thread/INFO]: [DeadChest] Enabling DeadChest v2.8
[00:28:42] [Server thread/INFO]: volzzy: Reload complete.
[00:28:42] [Server thread/INFO]: Timings Reset
[00:28:42] [Server thread/INFO]: [Bssentials]  __   __   __   ___      ___              __  
[00:28:42] [Server thread/INFO]: [Bssentials] |__) /__` /__` |__  |\ |  |  |  /\  |    /__` 
[00:28:42] [Server thread/INFO]: [Bssentials] |__) .__/ .__/ |___ | \|  |  | /~~\ |___ .__/ 
[00:28:42] [Server thread/INFO]: [Bssentials]                                                 
[00:28:42] [Server thread/INFO]: [Bssentials] Version 3.0-b27
[00:28:42] [Server thread/WARN]: [Bssentials] The EssentialsBridge plugin is not installed! Plugins that requrire the EssAPI will not function with Bssentials without this bridge, (ex ChestShop, Vault, etc)
[00:28:42] [Server thread/INFO]: [Bssentials] https://dev.bukkit.org/projects/essentialsapibridge
[00:28:42] [Craft Scheduler Thread - 126/INFO]: [StructureBoxes] Checking for updates
[00:28:46] [Craft Scheduler Thread - 127/INFO]: [StructureBoxes] You are up to date
[00:28:56] [Server thread/INFO]: volzzy issued server command: /sethome
[00:28:59] [Server thread/INFO]: volzzy issued server command: /sethome winter
[00:29:04] [Server thread/INFO]: volzzy issued server command: /home winter
[00:29:25] [Server thread/INFO]: volzzy issued server command: /k
[00:29:28] [Server thread/INFO]: volzzy issued server command: /kingdom
[00:29:31] [Server thread/INFO]: volzzy issued server command: /dynmap
[00:29:31] [Server thread/ERROR]: null
org.bukkit.command.CommandException: Unhandled exception executing command 'dynmap' in plugin dynmap v2.5-Dev201706100405
	at org.bukkit.command.PluginCommand.execute(PluginCommand.java:47) ~[patched_1.15.2.jar:git-Paper-71]
	at org.bukkit.command.SimpleCommandMap.dispatch(SimpleCommandMap.java:159) ~[patched_1.15.2.jar:git-Paper-71]
	at org.bukkit.craftbukkit.v1_15_R1.CraftServer.dispatchCommand(CraftServer.java:740) ~[patched_1.15.2.jar:git-Paper-71]
	at net.minecraft.server.v1_15_R1.PlayerConnection.handleCommand(PlayerConnection.java:1820) ~[patched_1.15.2.jar:git-Paper-71]
	at net.minecraft.server.v1_15_R1.PlayerConnection.a(PlayerConnection.java:1628) ~[patched_1.15.2.jar:git-Paper-71]
	at net.minecraft.server.v1_15_R1.PacketPlayInChat.a(PacketPlayInChat.java:47) ~[patched_1.15.2.jar:git-Paper-71]
	at net.minecraft.server.v1_15_R1.PacketPlayInChat.a(PacketPlayInChat.java:5) ~[patched_1.15.2.jar:git-Paper-71]
	at net.minecraft.server.v1_15_R1.PlayerConnectionUtils.lambda$ensureMainThread$0(PlayerConnectionUtils.java:23) ~[patched_1.15.2.jar:git-Paper-71]
	at net.minecraft.server.v1_15_R1.TickTask.run(SourceFile:18) ~[patched_1.15.2.jar:git-Paper-71]
	at net.minecraft.server.v1_15_R1.IAsyncTaskHandler.executeTask(IAsyncTaskHandler.java:136) ~[patched_1.15.2.jar:git-Paper-71]
	at net.minecraft.server.v1_15_R1.IAsyncTaskHandlerReentrant.executeTask(SourceFile:23) ~[patched_1.15.2.jar:git-Paper-71]
	at net.minecraft.server.v1_15_R1.IAsyncTaskHandler.executeNext(IAsyncTaskHandler.java:109) ~[patched_1.15.2.jar:git-Paper-71]
	at net.minecraft.server.v1_15_R1.MinecraftServer.ba(MinecraftServer.java:1038) ~[patched_1.15.2.jar:git-Paper-71]
	at net.minecraft.server.v1_15_R1.MinecraftServer.executeNext(MinecraftServer.java:1031) ~[patched_1.15.2.jar:git-Paper-71]
	at net.minecraft.server.v1_15_R1.IAsyncTaskHandler.executeAll(IAsyncTaskHandler.java:95) ~[patched_1.15.2.jar:git-Paper-71]
	at net.minecraft.server.v1_15_R1.MinecraftServer.a(MinecraftServer.java:1172) ~[patched_1.15.2.jar:git-Paper-71]
	at net.minecraft.server.v1_15_R1.MinecraftServer.run(MinecraftServer.java:934) ~[patched_1.15.2.jar:git-Paper-71]
	at java.lang.Thread.run(Thread.java:748) [?:1.8.0_191]
Caused by: java.lang.NullPointerException
	at org.dynmap.bukkit.DynmapPlugin.onCommand(DynmapPlugin.java:937) ~[?:?]
	at org.bukkit.command.PluginCommand.execute(PluginCommand.java:45) ~[patched_1.15.2.jar:git-Paper-71]
	... 17 more
[00:29:55] [Server thread/INFO]: Armogan issued server command: /gmc
[00:34:12] [Server thread/INFO]: Villager EntityVillager['Farmer'/133886, uuid='bce5d792-d999-4243-955f-a7547317644f', l='world', x=174.85, y=71.00, z=-6542.52, cx=10, cz=-409, tl=203187, v=true, d=false] died, message: 'Farmer was slain by Zombie'
[00:34:39] [Server thread/INFO]: Villager EntityVillager['Fisherman'/133836, uuid='aea75990-ae52-42f0-83df-6139d7955a21', l='world', x=202.57, y=70.00, z=-6544.85, cx=12, cz=-410, tl=54068, v=true, d=false] died, message: 'Fisherman was slain by Zombie'
[00:35:20] [Server thread/INFO]: Villager EntityVillager['Librarian'/133900, uuid='85429872-aa30-43ba-b7d2-9b0fdaa9ec33', l='world', x=236.83, y=71.00, z=-6527.50, cx=14, cz=-408, tl=54602, v=true, d=false] died, message: 'Librarian was slain by Zombie'
[00:36:42] [Server thread/INFO]: volzzy lost connection: Disconnected
[00:36:42] [Server thread/INFO]: volzzy left the game
[00:41:26] [Server thread/INFO]: Armogan lost connection: Disconnected
[00:41:26] [Server thread/INFO]: Armogan left the game
[00:41:37] [Server thread/INFO]: Stopping the server
[00:41:37] [Server thread/INFO]: Stopping server
[00:41:37] [Server thread/INFO]: [DeadChest] Disabling DeadChest v2.8
[00:41:37] [Server thread/INFO]: [Bssentials] Disabling Bssentials v3.0-b27
[00:41:37] [Server thread/INFO]: [SinglePlayerSleep] Disabling SinglePlayerSleep v1.13_2.13.33
[00:41:37] [Server thread/INFO]: [33m**************************************[0m
[00:41:37] [Server thread/INFO]: [32mSinglePlayerSleep v1.13_2.13.33[0m is [1mDISABLED[0m
[00:41:37] [Server thread/INFO]: [33m**************************************[0m
[00:41:37] [Server thread/INFO]: [StructureBoxes] Disabling StructureBoxes v2.5
[00:41:37] [Server thread/INFO]: [CrisTreeCapitator] Disabling CrisTreeCapitator v6.0
[00:41:37] [Server thread/INFO]: [CrisTreeCapitator] Disabled
[00:41:37] [Server thread/INFO]: [TrollBoss] Disabling TrollBoss v6.1.7
[00:41:37] [Server thread/INFO]: [TrollBoss] Plugin disabled!
[00:41:37] [Server thread/INFO]: [WorldEdit] Disabling WorldEdit v7.1.0;8e55131
[00:41:37] [Server thread/INFO]: Unregistering com.sk89q.worldedit.bukkit.BukkitServerInterface from WorldEdit
[00:41:37] [Server thread/INFO]: [dynmap] Disabling dynmap v2.5-Dev201706100405
[00:41:37] [Server thread/ERROR]: Error occurred while disabling dynmap v2.5-Dev201706100405 (Is it up to date?)
java.lang.NullPointerException: null
	at org.dynmap.bukkit.DynmapPlugin.onDisable(DynmapPlugin.java:902) ~[?:?]
	at org.bukkit.plugin.java.JavaPlugin.setEnabled(JavaPlugin.java:265) ~[patched_1.15.2.jar:git-Paper-71]
	at org.bukkit.plugin.java.JavaPluginLoader.disablePlugin(JavaPluginLoader.java:373) ~[patched_1.15.2.jar:git-Paper-71]
	at org.bukkit.plugin.SimplePluginManager.disablePlugin(SimplePluginManager.java:453) ~[patched_1.15.2.jar:git-Paper-71]
	at org.bukkit.plugin.SimplePluginManager.disablePlugins(SimplePluginManager.java:439) ~[patched_1.15.2.jar:git-Paper-71]
	at org.bukkit.plugin.SimplePluginManager.disablePlugins(SimplePluginManager.java:432) ~[patched_1.15.2.jar:git-Paper-71]
	at org.bukkit.craftbukkit.v1_15_R1.CraftServer.disablePlugins(CraftServer.java:402) ~[patched_1.15.2.jar:git-Paper-71]
	at net.minecraft.server.v1_15_R1.MinecraftServer.stop(MinecraftServer.java:742) ~[patched_1.15.2.jar:git-Paper-71]
	at net.minecraft.server.v1_15_R1.DedicatedServer.stop(DedicatedServer.java:745) ~[patched_1.15.2.jar:git-Paper-71]
	at net.minecraft.server.v1_15_R1.MinecraftServer.run(MinecraftServer.java:974) ~[patched_1.15.2.jar:git-Paper-71]
	at java.lang.Thread.run(Thread.java:748) [?:1.8.0_191]
[00:41:37] [Server thread/INFO]: Saving players
[00:41:37] [Server thread/INFO]: Saving worlds
[00:41:37] [Server thread/INFO]: Saving chunks for level 'world'/minecraft:overworld
[00:41:37] [Server thread/INFO]: ThreadedAnvilChunkStorage (world): All chunks are saved
[00:41:37] [Server thread/INFO]: Saving chunks for level 'world_nether'/minecraft:the_nether
[00:41:37] [Server thread/INFO]: ThreadedAnvilChunkStorage (DIM-1): All chunks are saved
[00:41:37] [Server thread/INFO]: Saving chunks for level 'world_the_end'/minecraft:the_end
[00:41:37] [Server thread/INFO]: ThreadedAnvilChunkStorage (DIM1): All chunks are saved
[00:41:37] [Server thread/INFO]: ThreadedAnvilChunkStorage (world): All chunks are saved
